<html>
<head>
<title>TestNG:  Search suitable Flights</title>
<link href="../testng.css" rel="stylesheet" type="text/css" />
<link href="../my-testng.css" rel="stylesheet" type="text/css" />

<style type="text/css">
.log { display: none;} 
.stack-trace { display: none;} 
</style>
<script type="text/javascript">
<!--
function flip(e) {
  current = e.style.display;
  if (current == 'block') {
    e.style.display = 'none';
    return 0;
  }
  else {
    e.style.display = 'block';
    return 1;
  }
}

function toggleBox(szDivId, elem, msg1, msg2)
{
  var res = -1;  if (document.getElementById) {
    res = flip(document.getElementById(szDivId));
  }
  else if (document.all) {
    // this is the way old msie versions work
    res = flip(document.all[szDivId]);
  }
  if(elem) {
    if(res == 0) elem.innerHTML = msg1; else elem.innerHTML = msg2;
  }

}

function toggleAllBoxes() {
  if (document.getElementsByTagName) {
    d = document.getElementsByTagName('div');
    for (i = 0; i < d.length; i++) {
      if (d[i].className == 'log') {
        flip(d[i]);
      }
    }
  }
}

// -->
</script>

</head>
<body>
<h2 align='center'>Search suitable Flights</h2><table border='1' align="center">
<tr>
<td>Tests passed/Failed/Skipped:</td><td>7/1/0</td>
</tr><tr>
<td>Started on:</td><td>Wed Oct 23 08:55:00 PKT 2019</td>
</tr>
<tr><td>Total time:</td><td>81 seconds (81491 ms)</td>
</tr><tr>
<td>Included groups:</td><td></td>
</tr><tr>
<td>Excluded groups:</td><td></td>
</tr>
</table><p/>
<small><i>(Hover the method name to see the test class name)</i></small><p/>
<table width='100%' border='1' class='invocation-failed'>
<tr><td colspan='4' align='center'><b>FAILED TESTS</b></td></tr>
<tr><td><b>Test method</b></td>
<td width="30%"><b>Exception</b></td>
<td width="10%"><b>Time (seconds)</b></td>
<td><b>Instance</b></td>
</tr>
<tr>
<td title='emiratesTests.SearchFlightsTest.testArrivalDate()'><b>testArrivalDate</b><br>Test class: emiratesTests.SearchFlightsTest</td>
<td><div><pre>java.lang.AssertionError: did not expect to find [true] but found [false]
	at emiratesTests.SearchFlightsTest.testArrivalDate(SearchFlightsTest.java:92)
	at java.base/java.util.ArrayList.forEach(Unknown Source)
... Removed 31 stack frames</pre></div><a href='#' onClick='toggleBox("stack-trace2108318195", this, "Click to show all stack frames", "Click to hide stack frames")'>Click to show all stack frames</a>
<div class='stack-trace' id='stack-trace2108318195'><pre>java.lang.AssertionError: did not expect to find [true] but found [false]
	at org.testng.Assert.fail(Assert.java:97)
	at org.testng.Assert.failNotEquals(Assert.java:969)
	at org.testng.Assert.assertTrue(Assert.java:43)
	at org.testng.Assert.assertTrue(Assert.java:53)
	at emiratesTests.SearchFlightsTest.testArrivalDate(SearchFlightsTest.java:92)
	at java.base/jdk.internal.reflect.NativeMethodAccessorImpl.invoke0(Native Method)
	at java.base/jdk.internal.reflect.NativeMethodAccessorImpl.invoke(Unknown Source)
	at java.base/jdk.internal.reflect.DelegatingMethodAccessorImpl.invoke(Unknown Source)
	at java.base/java.lang.reflect.Method.invoke(Unknown Source)
	at org.testng.internal.MethodInvocationHelper.invokeMethod(MethodInvocationHelper.java:133)
	at org.testng.internal.TestInvoker.invokeMethod(TestInvoker.java:584)
	at org.testng.internal.TestInvoker.invokeTestMethod(TestInvoker.java:172)
	at org.testng.internal.MethodRunner.runInSequence(MethodRunner.java:46)
	at org.testng.internal.TestInvoker$MethodInvocationAgent.invoke(TestInvoker.java:804)
	at org.testng.internal.TestInvoker.invokeTestMethods(TestInvoker.java:145)
	at org.testng.internal.TestMethodWorker.invokeTestMethods(TestMethodWorker.java:146)
	at org.testng.internal.TestMethodWorker.run(TestMethodWorker.java:128)
	at java.base/java.util.ArrayList.forEach(Unknown Source)
	at org.testng.TestRunner.privateRun(TestRunner.java:770)
	at org.testng.TestRunner.run(TestRunner.java:591)
	at org.testng.SuiteRunner.runTest(SuiteRunner.java:402)
	at org.testng.SuiteRunner.runSequentially(SuiteRunner.java:396)
	at org.testng.SuiteRunner.privateRun(SuiteRunner.java:355)
	at org.testng.SuiteRunner.run(SuiteRunner.java:304)
	at org.testng.SuiteRunnerWorker.runSuite(SuiteRunnerWorker.java:53)
	at org.testng.SuiteRunnerWorker.run(SuiteRunnerWorker.java:96)
	at org.testng.TestNG.runSuitesSequentially(TestNG.java:1180)
	at org.testng.TestNG.runSuitesLocally(TestNG.java:1102)
	at org.testng.TestNG.runSuites(TestNG.java:1032)
	at org.testng.TestNG.run(TestNG.java:1000)
	at org.testng.remote.AbstractRemoteTestNG.run(AbstractRemoteTestNG.java:115)
	at org.testng.remote.RemoteTestNG.initAndRun(RemoteTestNG.java:251)
	at org.testng.remote.RemoteTestNG.main(RemoteTestNG.java:77)
</pre></div></td>
<td>0</td>
<td>emiratesTests.SearchFlightsTest@672872e1</td></tr>
</table><p>
<table width='100%' border='1' class='invocation-passed'>
<tr><td colspan='4' align='center'><b>PASSED TESTS</b></td></tr>
<tr><td><b>Test method</b></td>
<td width="30%"><b>Exception</b></td>
<td width="10%"><b>Time (seconds)</b></td>
<td><b>Instance</b></td>
</tr>
<tr>
<td title='emiratesTests.SearchFlightsTest.launchSite()'><b>launchSite</b><br>Test class: emiratesTests.SearchFlightsTest</td>
<td></td>
<td>0</td>
<td>emiratesTests.SearchFlightsTest@672872e1</td></tr>
<tr>
<td title='emiratesTests.SearchFlightsTest.setUp()'><b>setUp</b><br>Test class: emiratesTests.SearchFlightsTest</td>
<td></td>
<td>36</td>
<td>emiratesTests.SearchFlightsTest@672872e1</td></tr>
<tr>
<td title='emiratesTests.SearchFlightsTest.tearDown()'><b>tearDown</b><br>Test class: emiratesTests.SearchFlightsTest</td>
<td></td>
<td>3</td>
<td>emiratesTests.SearchFlightsTest@672872e1</td></tr>
<tr>
<td title='emiratesTests.SearchFlightsTest.testArrival()'><b>testArrival</b><br>Test class: emiratesTests.SearchFlightsTest</td>
<td></td>
<td>6</td>
<td>emiratesTests.SearchFlightsTest@672872e1</td></tr>
<tr>
<td title='emiratesTests.SearchFlightsTest.testClassType()'><b>testClassType</b><br>Test class: emiratesTests.SearchFlightsTest</td>
<td></td>
<td>0</td>
<td>emiratesTests.SearchFlightsTest@672872e1</td></tr>
<tr>
<td title='emiratesTests.SearchFlightsTest.testDeparture()'><b>testDeparture</b><br>Test class: emiratesTests.SearchFlightsTest</td>
<td></td>
<td>23</td>
<td>emiratesTests.SearchFlightsTest@672872e1</td></tr>
<tr>
<td title='emiratesTests.SearchFlightsTest.testDepartureDate()'><b>testDepartureDate</b><br>Test class: emiratesTests.SearchFlightsTest</td>
<td></td>
<td>3</td>
<td>emiratesTests.SearchFlightsTest@672872e1</td></tr>
</table><p>
</body>
</html>