<?xml version="1.0" encoding="UTF-8"?>
<!-- Generated by org.testng.reporters.JUnitXMLReporter -->
<testsuite ignored="0" hostname="LAPTOP-P6HCU6SV" failures="1" tests="7" name="Search suitable Flights" time="25.099" errors="0" timestamp="2019-10-23T01:10:01 PKT">
  <testcase classname="emiratesTests.SearchFlightsTest" name="setUp" time="19.783"/>
  <testcase classname="emiratesTests.SearchFlightsTest" name="launchSite" time="0.03"/>
  <testcase classname="emiratesTests.SearchFlightsTest" name="testDeparture" time="0.807"/>
  <testcase classname="emiratesTests.SearchFlightsTest" name="testArrival" time="1.269"/>
  <testcase classname="emiratesTests.SearchFlightsTest" name="testDepartureDate" time="1.132"/>
  <testcase classname="emiratesTests.SearchFlightsTest" name="testArrivalDate" time="0.657">
    <failure type="java.lang.AssertionError" message="did not expect to find [true] but found [false]">
      <![CDATA[java.lang.AssertionError: did not expect to find [true] but found [false]
at emiratesTests.SearchFlightsTest.testArrivalDate(SearchFlightsTest.java:99)
at java.base/java.util.ArrayList.forEach(Unknown Source)
... Removed 31 stack frames]]>
    </failure>
  </testcase> <!-- testArrivalDate -->
  <testcase classname="emiratesTests.SearchFlightsTest" name="tearDown" time="0.834"/>
</testsuite> <!-- Search suitable Flights -->
